Build started 10/7/2014 8:54:16 PM.
     1>Project "E:\Pat's Documents\GitHub\amethystforest\amethystforest\Intermediate\ProjectFiles\amethystforest.vcxproj" on node 2 (Build target(s)).
     1>Build:
         "C:\Program Files\Unreal Engine\4.4\Engine\Build\BatchFiles\Build.bat" amethystforestEditor Win64 Development "E:\Pat's Documents\GitHub\amethystforest\amethystforest\amethystforest.uproject" -rocket
         Performing 2 actions (max 4 parallel jobs)
         amethystforestPlayerController.cpp
     1>e:\pat's documents\github\amethystforest\amethystforest\source\amethystforest\private\player\../../Classes/Player/amethystforestPlayerController.h(43): warning C4996: OVERRIDE macro is deprecated. Please use override keyword instead.
     1>e:\pat's documents\github\amethystforest\amethystforest\source\amethystforest\private\player\../../Classes/Player/amethystforestPlayerController.h(137): warning C4996: OVERRIDE macro is deprecated. Please use override keyword instead.
     1>e:\pat's documents\github\amethystforest\amethystforest\source\amethystforest\private\player\../../Classes/Player/amethystforestPlayerController.h(140): warning C4996: OVERRIDE macro is deprecated. Please use override keyword instead.
     1>e:\pat's documents\github\amethystforest\amethystforest\source\amethystforest\private\player\../../Classes/Player/amethystforestPlayerController.h(142): warning C4996: OVERRIDE macro is deprecated. Please use override keyword instead.
     1>e:\pat's documents\github\amethystforest\amethystforest\source\amethystforest\private\player\../../Classes/Player/amethystforestPlayerController.h(159): warning C4996: OVERRIDE macro is deprecated. Please use override keyword instead.
     1>e:\pat's documents\github\amethystforest\amethystforest\source\amethystforest\private\player\../../Classes/Player/amethystforestPlayerController.h(193): warning C4996: OVERRIDE macro is deprecated. Please use override keyword instead.
     1>e:\pat's documents\github\amethystforest\amethystforest\source\amethystforest\private\player\../../Classes/Player/amethystforestPlayerController.h(200): warning C4996: OVERRIDE macro is deprecated. Please use override keyword instead.
     1>e:\pat's documents\github\amethystforest\amethystforest\source\amethystforest\private\player\../../Classes/Player/amethystforestPlayerController.h(203): warning C4996: OVERRIDE macro is deprecated. Please use override keyword instead.
     1>e:\pat's documents\github\amethystforest\amethystforest\source\amethystforest\private\player\../../Classes/Player/amethystforestPlayerController.h(210): warning C4996: OVERRIDE macro is deprecated. Please use override keyword instead.
     1>e:\pat's documents\github\amethystforest\amethystforest\source\amethystforest\private\player\../../Classes/Player/amethystforestPlayerController.h(213): warning C4996: OVERRIDE macro is deprecated. Please use override keyword instead.
     1>e:\pat's documents\github\amethystforest\amethystforest\source\amethystforest\private\player\../../Classes/Player/amethystforestPlayerController.h(221): warning C4996: OVERRIDE macro is deprecated. Please use override keyword instead.
     1>e:\pat's documents\github\amethystforest\amethystforest\source\amethystforest\private\player\../../Classes/Player/amethystforestPlayerController.h(224): warning C4996: OVERRIDE macro is deprecated. Please use override keyword instead.
         [2/2] link.exe UE4Editor-amethystforest.dll
            Creating library E:\Pat's Documents\GitHub\amethystforest\amethystforest\Intermediate\Build\Win64\amethystforestEditor\Development\UE4Editor-amethystforest.lib and object E:\Pat's Documents\GitHub\amethystforest\amethystforest\Intermediate\Build\Win64\amethystforestEditor\Development\UE4Editor-amethystforest.exp
         -------- End Detailed Actions Stats -----------------------------------------------------------
         Cumulative action seconds (8 processors): 0.00 building projects, 0.40 compiling, 0.00 creating app bundles, 0.00 generating debug info, 0.58 linking, 0.00 other
         UBT execution time: 5.27 seconds
     1>Done Building Project "E:\Pat's Documents\GitHub\amethystforest\amethystforest\Intermediate\ProjectFiles\amethystforest.vcxproj" (Build target(s)).

Build succeeded.

Time Elapsed 00:00:05.43
